<?xml version="1.0" encoding="UTF-8"?>
<!-- Generated by org.testng.reporters.JUnitXMLReporter -->
<testsuite ignored="0" hostname="LAPTOP-I30VNB79" failures="0" tests="2" name="Error Validation" time="21.366" errors="0" timestamp="2023-10-27T21:40:04 IST">
  <testcase classname="framework.MavenStructuredFrameworkDesign.Test.ErrorValidationsTest" name="LoginErrorValidation" time="1.153"/>
  <testcase classname="framework.MavenStructuredFrameworkDesign.Test.ErrorValidationsTest" name="productErrorValidation" time="13.888"/>
</testsuite> <!-- Error Validation -->
