<?xml version="1.0" encoding="UTF-8"?>
<!-- Generated by org.testng.reporters.JUnitXMLReporter -->
<testsuite ignored="0" hostname="LAPTOP-I30VNB79" failures="0" tests="2" name="Submit Order Test" time="44.499" errors="0" timestamp="2023-10-27T21:39:43 IST">
  <testcase classname="framework.MavenStructuredFrameworkDesign.Test.LoginTest" name="submitOrderTest" time="15.289"/>
  <testcase classname="framework.MavenStructuredFrameworkDesign.Test.LoginTest" name="submitOrderTest" time="15.171"/>
</testsuite> <!-- Submit Order Test -->
