<?xml version="1.0" encoding="UTF-8"?>
<!-- Generated by org.testng.reporters.JUnitXMLReporter -->
<testsuite ignored="0" hostname="LAPTOP-I30VNB79" failures="0" tests="2" name="Error Validation" time="27.467" errors="0" timestamp="2023-10-28T20:15:07 IST">
  <testcase classname="framework.MavenStructuredFrameworkDesign.Test.ErrorValidationsTest" name="LoginErrorValidation" time="0.845"/>
  <testcase classname="framework.MavenStructuredFrameworkDesign.Test.ErrorValidationsTest" name="productErrorValidation" time="14.947"/>
</testsuite> <!-- Error Validation -->
