<?xml version="1.0" encoding="UTF-8"?>
<!-- Generated by org.testng.reporters.JUnitXMLReporter -->
<testsuite ignored="2" hostname="LAPTOP-I30VNB79" failures="0" tests="0" time="0.115" errors="0" timestamp="2023-10-28T19:52:01 IST">
  <testcase classname="framework.MavenStructuredFrameworkDesign.Test.ErrorValidationsTest" name="LoginErrorValidation" time="0.0">
    <ignored/>
  </testcase> <!-- LoginErrorValidation -->
  <testcase classname="framework.MavenStructuredFrameworkDesign.Test.ErrorValidationsTest" name="productErrorValidation" time="0.0">
    <ignored/>
  </testcase> <!-- productErrorValidation -->
</testsuite>
