<?xml version="1.0" encoding="UTF-8"?>
<!-- Generated by org.testng.reporters.JUnitXMLReporter -->
<testsuite ignored="0" hostname="LAPTOP-I30VNB79" failures="0" tests="2" name="Submit Order Test" time="53.519" errors="0" timestamp="2023-10-28T20:14:39 IST">
  <testcase classname="framework.MavenStructuredFrameworkDesign.Test.LoginTest" name="submitOrderTest" time="16.923"/>
  <testcase classname="framework.MavenStructuredFrameworkDesign.Test.LoginTest" name="submitOrderTest" time="17.268"/>
</testsuite> <!-- Submit Order Test -->
